SF:lib\core\errors\exceptions.dart
DA:4,0
DA:9,0
DA:10,0
DA:14,2
DA:19,0
DA:20,0
LF:6
LH:1
end_of_record
SF:lib\src\on_boarding\data\datasources\on_boarding_local_data_source.dart
DA:5,1
DA:15,1
DA:19,1
DA:22,2
DA:24,2
DA:28,1
DA:31,2
DA:33,2
LF:8
LH:8
end_of_record
SF:lib\core\errors\failures.dart
DA:5,3
DA:7,9
DA:8,0
DA:14,2
DA:16,2
DA:17,6
DA:21,2
DA:25,1
DA:27,0
DA:28,0
LF:10
LH:7
end_of_record
SF:lib\src\on_boarding\data\repos\on_boarding_repo_impl.dart
DA:9,1
DA:13,1
DA:16,2
DA:18,1
DA:19,4
DA:23,0
DA:26,0
DA:27,0
DA:28,0
DA:29,0
LF:10
LH:5
end_of_record
SF:lib\src\on_boarding\domain\repos\on_boarding_repo.dart
DA:4,0
LF:1
LH:0
end_of_record
SF:lib\src\on_boarding\domain\usecases\cache_first_timer.dart
DA:7,1
DA:11,1
DA:12,2
LF:3
LH:3
end_of_record
SF:lib\core\usecases\usecases.dart
DA:4,0
DA:10,2
LF:2
LH:1
end_of_record
SF:lib\src\on_boarding\domain\usecases\check_if_user_is_first_timer.dart
DA:6,1
DA:10,1
DA:11,2
LF:3
LH:3
end_of_record
SF:lib\src\on_boarding\presentation\cubit\on_boarding_state.dart
DA:4,3
DA:6,1
DA:7,1
DA:11,2
DA:15,2
DA:19,2
DA:23,2
DA:27,3
DA:31,1
DA:32,2
DA:36,1
DA:40,1
DA:41,2
LF:13
LH:13
end_of_record
SF:lib\src\on_boarding\presentation\cubit\on_boarding_cubit.dart
DA:9,1
DA:14,1
DA:19,1
DA:20,1
DA:21,2
DA:22,1
DA:23,4
DA:24,2
DA:28,1
DA:29,1
DA:30,2
DA:31,1
DA:32,2
DA:33,3
LF:14
LH:14
end_of_record
